2025-08-04 16:55:16.326 [TestNG-tests-1] INFO  codenbox.testCases.LoginDataDrivenTest_2 - *** Starting Login Test ***
2025-08-04 16:55:25.243 [TestNG-tests-1] INFO  codenbox.testCases.LoginDataDrivenTest_2 - *** Starting Login Test ***
2025-08-04 16:55:33.512 [TestNG-tests-1] INFO  codenbox.testCases.LoginDataDrivenTest_2 - *** Starting Login Test ***
2025-08-04 16:55:38.015 [TestNG-tests-1] INFO  codenbox.testCases.LoginDataDrivenTest_2 - *** Starting Login Test ***
2025-08-04 16:56:08.963 [TestNG-tests-1] INFO  codenbox.testCases.LoginDataDrivenTest_2 - *** Starting Login Test ***
2025-08-04 16:56:17.937 [TestNG-tests-1] INFO  codenbox.testCases.LoginDataDrivenTest_2 - *** Starting Login Test ***
2025-08-04 16:56:26.253 [TestNG-tests-1] INFO  codenbox.testCases.LoginDataDrivenTest_2 - *** Starting Login Test ***
2025-08-04 16:56:34.630 [TestNG-tests-1] INFO  codenbox.testCases.LoginDataDrivenTest_2 - *** Starting Login Test ***
2025-08-04 16:56:43.153 [TestNG-tests-1] INFO  codenbox.testCases.LoginDataDrivenTest_2 - *** Starting Login Test ***
2025-08-04 16:56:47.694 [TestNG-tests-1] INFO  codenbox.testCases.LoginDataDrivenTest_2 - *** Starting Login Test ***
2025-08-04 16:58:17.088 [main] INFO  codenbox.testCases.RegistrationTest - Enter Registration Details
2025-08-04 17:02:44.049 [main] INFO  codenbox.testCases.HomeTest - ****Starting Registration Test****
2025-08-04 17:02:44.064 [main] INFO  codenbox.testCases.HomeTest - Clicked on My Account Link
2025-08-04 17:02:47.305 [main] INFO  codenbox.testCases.LoginTest - *** Starting Login Test ***
2025-08-04 17:02:50.429 [main] INFO  codenbox.testCases.LoginTest - *** Starting Login Test ***
2025-08-04 17:20:13.128 [main] INFO  codenbox.testCases.HomeTest - ****Starting Registration Test****
2025-08-04 17:20:13.141 [main] INFO  codenbox.testCases.HomeTest - Clicked on My Account Link
2025-08-04 17:20:16.389 [main] INFO  codenbox.testCases.LoginTest - *** Starting Login Test ***
2025-08-04 17:28:41.196 [main] INFO  codenbox.testCases.HomeTest - ****Starting Registration Test****
2025-08-04 17:28:41.214 [main] INFO  codenbox.testCases.HomeTest - Clicked on My Account Link
2025-08-04 17:28:44.442 [main] INFO  codenbox.testCases.LoginTest - *** Starting Login Test ***
2025-08-05 09:13:20.002 [main] INFO  codenbox.testCases.HomeTest - ****Starting Registration Test****
2025-08-05 09:13:20.030 [main] INFO  codenbox.testCases.HomeTest - Clicked on My Account Link
2025-08-05 09:13:23.341 [main] INFO  codenbox.testCases.LoginTest - *** Starting Login Test ***
2025-08-05 10:05:06.213 [main] INFO  codenbox.testCases.HomeTest - ****Starting Registration Test****
2025-08-05 10:05:06.229 [main] INFO  codenbox.testCases.HomeTest - Clicked on My Account Link
2025-08-05 10:05:10.035 [main] INFO  codenbox.testCases.LoginTest - *** Starting Login Test ***
2025-08-05 10:10:35.402 [main] INFO  codenbox.testCases.HomeTest - ****Starting Registration Test****
2025-08-05 10:10:35.416 [main] INFO  codenbox.testCases.HomeTest - Clicked on My Account Link
2025-08-05 10:10:38.692 [main] INFO  codenbox.testCases.LoginTest - *** Starting Login Test ***
2025-08-05 10:12:43.907 [main] INFO  codenbox.testCases.HomeTest - ****Starting Registration Test****
2025-08-05 10:12:43.923 [main] INFO  codenbox.testCases.HomeTest - Clicked on My Account Link
2025-08-05 10:12:47.219 [main] INFO  codenbox.testCases.LoginTest - *** Starting Login Test ***
2025-08-05 10:23:10.501 [main] INFO  codenbox.testCases.HomeTest - ****Starting Registration Test****
2025-08-05 10:23:10.519 [main] INFO  codenbox.testCases.HomeTest - Clicked on My Account Link
2025-08-05 10:23:13.762 [main] INFO  codenbox.testCases.LoginTest - *** Starting Login Test ***
2025-08-05 10:27:06.425 [main] INFO  codenbox.testCases.HomeTest - ****Starting Registration Test****
2025-08-05 10:27:06.441 [main] INFO  codenbox.testCases.HomeTest - Clicked on My Account Link
2025-08-05 10:27:09.712 [main] INFO  codenbox.testCases.LoginTest - *** Starting Login Test ***
2025-08-05 18:59:40.836 [main] INFO  codenbox.testCases.HomeTest - ****Starting Registration Test****
2025-08-05 18:59:40.863 [main] INFO  codenbox.testCases.HomeTest - Clicked on My Account Link
2025-08-05 18:59:44.079 [main] INFO  codenbox.testCases.LoginTest - *** Starting Login Test ***
2025-08-05 19:01:23.844 [main] INFO  codenbox.testCases.HomeTest - ****Starting Registration Test****
2025-08-05 19:01:23.857 [main] INFO  codenbox.testCases.HomeTest - Clicked on My Account Link
2025-08-05 19:01:29.268 [main] INFO  codenbox.testCases.LoginTest - *** Starting Login Test ***
2025-08-06 06:39:04.535 [main] INFO  codenbox.testCases.HomeTest - ****Starting Registration Test****
2025-08-06 06:39:04.566 [main] INFO  codenbox.testCases.HomeTest - Clicked on My Account Link
2025-08-06 06:39:04.566 [main] INFO  codenbox.testCases.HomeTest - ****Starting Registration Test****
2025-08-06 06:39:04.566 [main] INFO  codenbox.testCases.HomeTest - Clicked on My Account Link
